<?xml version="1.0" encoding="utf-8" standalone="no"?>
<test-run id="2" testcasecount="3" result="Failed" total="3" passed="0" failed="3" inconclusive="0" skipped="0" asserts="0" engine-version="3.6.0.0" clr-version="4.0.30319.42000" start-time="2017-02-24 10:21:31Z" end-time="2017-02-24 10:21:53Z" duration="21.894923">
  <command-line><![CDATA[nunit3-console  C:\TestAutomation\ROSS\SeleniumSpecFlowTests\bin\Debug\SeleniumSpecFlowTests.dll]]></command-line>
  <test-suite type="Assembly" id="0-1004" name="SeleniumSpecFlowTests.dll" fullname="C:\TestAutomation\ROSS\SeleniumSpecFlowTests\bin\Debug\SeleniumSpecFlowTests.dll" runstate="Runnable" testcasecount="3" result="Failed" site="Child" start-time="2017-02-24 10:21:32Z" end-time="2017-02-24 10:21:53Z" duration="21.330863" total="3" passed="0" failed="3" inconclusive="0" skipped="0" asserts="0">
    <environment framework-version="3.0.5797.27534" clr-version="4.0.30319.42000" os-version="Microsoft Windows NT 10.0.10586.0" platform="Win32NT" cwd="C:\TestAutomation\ROSS\packages\NUnit.ConsoleRunner.3.6.0\tools" machine-name="WSL-1060" user="LunguC" user-domain="RES" culture="en-US" uiculture="en-US" os-architecture="x64" />
    <settings>
      <setting name="DisposeRunners" value="True" />
      <setting name="WorkDirectory" value="C:\TestAutomation\ROSS\packages\NUnit.ConsoleRunner.3.6.0\tools" />
      <setting name="ImageRuntimeVersion" value="4.0.30319" />
      <setting name="ImageTargetFrameworkName" value=".NETFramework,Version=v4.5.2" />
      <setting name="ImageRequiresX86" value="False" />
      <setting name="ImageRequiresDefaultAppDomainAssemblyResolver" value="False" />
      <setting name="NumberOfTestWorkers" value="8" />
    </settings>
    <properties>
      <property name="_PID" value="13928" />
      <property name="_APPDOMAIN" value="domain-" />
    </properties>
    <failure>
      <message><![CDATA[One or more child tests had errors]]></message>
    </failure>
    <test-suite type="TestSuite" id="0-1005" name="SeleniumSpecFlowTests" fullname="SeleniumSpecFlowTests" runstate="Runnable" testcasecount="3" result="Failed" site="Child" start-time="2017-02-24 10:21:32Z" end-time="2017-02-24 10:21:53Z" duration="21.323972" total="3" passed="0" failed="3" inconclusive="0" skipped="0" asserts="0">
      <failure>
        <message><![CDATA[One or more child tests had errors]]></message>
      </failure>
      <test-suite type="TestSuite" id="0-1006" name="Tests" fullname="SeleniumSpecFlowTests.Tests" runstate="Runnable" testcasecount="3" result="Failed" site="Child" start-time="2017-02-24 10:21:32Z" end-time="2017-02-24 10:21:53Z" duration="21.323899" total="3" passed="0" failed="3" inconclusive="0" skipped="0" asserts="0">
        <failure>
          <message><![CDATA[One or more child tests had errors]]></message>
        </failure>
        <test-suite type="TestSuite" id="0-1007" name="Features" fullname="SeleniumSpecFlowTests.Tests.Features" runstate="Runnable" testcasecount="3" result="Failed" site="Child" start-time="2017-02-24 10:21:32Z" end-time="2017-02-24 10:21:53Z" duration="21.323867" total="3" passed="0" failed="3" inconclusive="0" skipped="0" asserts="0">
          <failure>
            <message><![CDATA[One or more child tests had errors]]></message>
          </failure>
          <test-suite type="TestFixture" id="0-1000" name="ServiceTestsFeature" fullname="SeleniumSpecFlowTests.Tests.Features.ServiceTestsFeature" classname="SeleniumSpecFlowTests.Tests.Features.ServiceTestsFeature" runstate="Runnable" testcasecount="3" result="Failed" site="Child" start-time="2017-02-24 10:21:32Z" end-time="2017-02-24 10:21:53Z" duration="21.322110" total="3" passed="0" failed="3" inconclusive="0" skipped="0" asserts="0">
            <properties>
              <property name="Description" value="ServiceTests" />
            </properties>
            <failure>
              <message><![CDATA[One or more child tests had errors]]></message>
            </failure>
            <test-case id="0-1002" name="AddAndEditAService" fullname="SeleniumSpecFlowTests.Tests.Features.ServiceTestsFeature.AddAndEditAService" methodname="AddAndEditAService" classname="SeleniumSpecFlowTests.Tests.Features.ServiceTestsFeature" runstate="Runnable" seed="1630670862" result="Failed" label="Error" start-time="2017-02-24 10:21:38Z" end-time="2017-02-24 10:21:43Z" duration="5.206796" asserts="0">
              <properties>
                <property name="Description" value="Add and edit a service" />
              </properties>
              <failure>
                <message><![CDATA[Microsoft.VisualStudio.TestTools.UnitTesting.AssertFailedException : Assert.Fail failed. Failed to find element 'By.CssSelector: body > nav.topBar .topBarLeft'. Timed out after 5 seconds]]></message>
                <stack-trace><![CDATA[   at Microsoft.VisualStudio.TestTools.UnitTesting.Assert.HandleFailure(String assertionName, String message)
   at Microsoft.VisualStudio.TestTools.UnitTesting.Assert.Fail(String message)
   at SeleniumSpecFlowTests.WebDriver.FindElementWhenVisible(By by) in C:\TestAutomation\ROSS\SeleniumSpecFlowTests\WebDriver.cs:line 57
   at SeleniumSpecFlowTests.Pages.Implementations.ServiceCatalogPage.NavigateToServiceCatalogPage() in C:\TestAutomation\ROSS\SeleniumSpecFlowTests\Pages\Implementations\ServiceCatalogPage.cs:line 11
   at SeleniumSpecFlowTests.Tests.Steps.ServiceTestsSteps.GivenINavigateToServiceCatalog() in C:\TestAutomation\ROSS\SeleniumSpecFlowTests\Tests\Steps\ServiceTestsSteps.cs:line 17
   at TechTalk.SpecFlow.Bindings.BindingInvoker.InvokeBinding(IBinding binding, IContextManager contextManager, Object[] arguments, ITestTracer testTracer, TimeSpan& duration)
   at TechTalk.SpecFlow.Infrastructure.TestExecutionEngine.ExecuteStepMatch(BindingMatch match, Object[] arguments)
   at TechTalk.SpecFlow.Infrastructure.TestExecutionEngine.ExecuteStep(StepInstance stepInstance)
   at TechTalk.SpecFlow.Infrastructure.TestExecutionEngine.OnAfterLastStep()
   at SeleniumSpecFlowTests.Tests.Features.ServiceTestsFeature.ScenarioCleanup() in C:\TestAutomation\ROSS\SeleniumSpecFlowTests\Tests\Features\ServiceTests.feature.cs:line 0
   at SeleniumSpecFlowTests.Tests.Features.ServiceTestsFeature.AddAndEditAService() in C:\TestAutomation\ROSS\SeleniumSpecFlowTests\Tests\Features\ServiceTests.feature:line 28]]></stack-trace>
              </failure>
              <output><![CDATA[Given I navigate to Service Catalog
-> error: Assert.Fail failed. Failed to find element 'By.CssSelector: body > nav.topBar .topBarLeft'. Timed out after 5 seconds
And I click Add in the bottom bar
-> skipped because of previous errors
And I fill in 'Selenium Test Service B' in the Name field
-> skipped because of previous errors
When I click Save in the bottom bar
-> skipped because of previous errors
And I wait until the page is redirected
-> skipped because of previous errors
Then The address should contain 'Services/Detail'
-> skipped because of previous errors
And The address should contain a valid Guid
-> skipped because of previous errors
Given I navigate to Service Catalog
-> skipped because of previous errors
And I click on the service 'Selenium Test Service B'
-> skipped because of previous errors
Then The address should contain 'Services/Detail'
-> skipped because of previous errors
And The address should contain a valid Guid
-> skipped because of previous errors
Given I fill in 'Selenium Test Service B2' in the Name field
-> skipped because of previous errors
When I click Save in the bottom bar
-> skipped because of previous errors
Then The address should contain 'Services/Detail'
-> skipped because of previous errors
And The address should contain a valid Guid
-> skipped because of previous errors
And The Save button in the bottom bar should be disabled
-> skipped because of previous errors
]]></output>
            </test-case>
            <test-case id="0-1001" name="AddAService" fullname="SeleniumSpecFlowTests.Tests.Features.ServiceTestsFeature.AddAService" methodname="AddAService" classname="SeleniumSpecFlowTests.Tests.Features.ServiceTestsFeature" runstate="Runnable" seed="798259755" result="Failed" label="Error" start-time="2017-02-24 10:21:43Z" end-time="2017-02-24 10:21:48Z" duration="5.083957" asserts="0">
              <properties>
                <property name="Description" value="Add a service" />
              </properties>
              <failure>
                <message><![CDATA[Microsoft.VisualStudio.TestTools.UnitTesting.AssertFailedException : Assert.Fail failed. Failed to find element 'By.CssSelector: body > nav.topBar .topBarLeft'. Timed out after 5 seconds]]></message>
                <stack-trace><![CDATA[   at Microsoft.VisualStudio.TestTools.UnitTesting.Assert.HandleFailure(String assertionName, String message)
   at Microsoft.VisualStudio.TestTools.UnitTesting.Assert.Fail(String message)
   at SeleniumSpecFlowTests.WebDriver.FindElementWhenVisible(By by) in C:\TestAutomation\ROSS\SeleniumSpecFlowTests\WebDriver.cs:line 57
   at SeleniumSpecFlowTests.Pages.Implementations.ServiceCatalogPage.NavigateToServiceCatalogPage() in C:\TestAutomation\ROSS\SeleniumSpecFlowTests\Pages\Implementations\ServiceCatalogPage.cs:line 11
   at SeleniumSpecFlowTests.Tests.Steps.ServiceTestsSteps.GivenINavigateToServiceCatalog() in C:\TestAutomation\ROSS\SeleniumSpecFlowTests\Tests\Steps\ServiceTestsSteps.cs:line 17
   at TechTalk.SpecFlow.Bindings.BindingInvoker.InvokeBinding(IBinding binding, IContextManager contextManager, Object[] arguments, ITestTracer testTracer, TimeSpan& duration)
   at TechTalk.SpecFlow.Infrastructure.TestExecutionEngine.ExecuteStepMatch(BindingMatch match, Object[] arguments)
   at TechTalk.SpecFlow.Infrastructure.TestExecutionEngine.ExecuteStep(StepInstance stepInstance)
   at TechTalk.SpecFlow.Infrastructure.TestExecutionEngine.OnAfterLastStep()
   at SeleniumSpecFlowTests.Tests.Features.ServiceTestsFeature.ScenarioCleanup() in C:\TestAutomation\ROSS\SeleniumSpecFlowTests\Tests\Features\ServiceTests.feature.cs:line 0
   at SeleniumSpecFlowTests.Tests.Features.ServiceTestsFeature.AddAService() in C:\TestAutomation\ROSS\SeleniumSpecFlowTests\Tests\Features\ServiceTests.feature:line 10]]></stack-trace>
              </failure>
              <output><![CDATA[Given I navigate to Service Catalog
-> error: Assert.Fail failed. Failed to find element 'By.CssSelector: body > nav.topBar .topBarLeft'. Timed out after 5 seconds
And I click Add in the bottom bar
-> skipped because of previous errors
And I fill in 'Selenium Test Service A' in the Name field
-> skipped because of previous errors
When I click Save in the bottom bar
-> skipped because of previous errors
And I wait until the page is redirected
-> skipped because of previous errors
Then The address should contain 'Services/Detail'
-> skipped because of previous errors
And The address should contain a valid Guid
-> skipped because of previous errors
]]></output>
            </test-case>
            <test-case id="0-1003" name="DeleteSeleniumTestService" fullname="SeleniumSpecFlowTests.Tests.Features.ServiceTestsFeature.DeleteSeleniumTestService" methodname="DeleteSeleniumTestService" classname="SeleniumSpecFlowTests.Tests.Features.ServiceTestsFeature" runstate="Runnable" seed="993609143" result="Failed" label="Error" start-time="2017-02-24 10:21:48Z" end-time="2017-02-24 10:21:53Z" duration="5.089206" asserts="0">
              <properties>
                <property name="Description" value="Delete 'Selenium Test Service'" />
              </properties>
              <failure>
                <message><![CDATA[Microsoft.VisualStudio.TestTools.UnitTesting.AssertFailedException : Assert.Fail failed. Failed to find element 'By.CssSelector: body > nav.topBar .topBarLeft'. Timed out after 5 seconds]]></message>
                <stack-trace><![CDATA[   at Microsoft.VisualStudio.TestTools.UnitTesting.Assert.HandleFailure(String assertionName, String message)
   at Microsoft.VisualStudio.TestTools.UnitTesting.Assert.Fail(String message)
   at SeleniumSpecFlowTests.WebDriver.FindElementWhenVisible(By by) in C:\TestAutomation\ROSS\SeleniumSpecFlowTests\WebDriver.cs:line 57
   at SeleniumSpecFlowTests.Pages.Implementations.ServiceCatalogPage.NavigateToServiceCatalogPage() in C:\TestAutomation\ROSS\SeleniumSpecFlowTests\Pages\Implementations\ServiceCatalogPage.cs:line 11
   at SeleniumSpecFlowTests.Tests.Steps.ServiceTestsSteps.GivenINavigateToServiceCatalog() in C:\TestAutomation\ROSS\SeleniumSpecFlowTests\Tests\Steps\ServiceTestsSteps.cs:line 17
   at TechTalk.SpecFlow.Bindings.BindingInvoker.InvokeBinding(IBinding binding, IContextManager contextManager, Object[] arguments, ITestTracer testTracer, TimeSpan& duration)
   at TechTalk.SpecFlow.Infrastructure.TestExecutionEngine.ExecuteStepMatch(BindingMatch match, Object[] arguments)
   at TechTalk.SpecFlow.Infrastructure.TestExecutionEngine.ExecuteStep(StepInstance stepInstance)
   at TechTalk.SpecFlow.Infrastructure.TestExecutionEngine.OnAfterLastStep()
   at SeleniumSpecFlowTests.Tests.Features.ServiceTestsFeature.ScenarioCleanup() in C:\TestAutomation\ROSS\SeleniumSpecFlowTests\Tests\Features\ServiceTests.feature.cs:line 0
   at SeleniumSpecFlowTests.Tests.Features.ServiceTestsFeature.DeleteSeleniumTestService() in C:\TestAutomation\ROSS\SeleniumSpecFlowTests\Tests\Features\ServiceTests.feature:line 38]]></stack-trace>
              </failure>
              <output><![CDATA[Given I navigate to Service Catalog
-> error: Assert.Fail failed. Failed to find element 'By.CssSelector: body > nav.topBar .topBarLeft'. Timed out after 5 seconds
And I click on the service 'Selenium Test Service 2'
-> skipped because of previous errors
Then The address should contain 'Services/Detail'
-> skipped because of previous errors
And The address should contain a valid Guid
-> skipped because of previous errors
Given I click Delete in the bottom bar
-> skipped because of previous errors
And I wait until the page is redirected
-> skipped because of previous errors
Then The address should not contain 'Services/Detail'
-> skipped because of previous errors
And The address should not contain a valid Guid
-> skipped because of previous errors
]]></output>
            </test-case>
          </test-suite>
        </test-suite>
      </test-suite>
    </test-suite>
  </test-suite>
</test-run>